#
# There is insufficient memory for the Java Runtime Environment to continue.
# Native memory allocation (malloc) failed to allocate 1048576 bytes for AllocateHeap
# Possible reasons:
#   The system is out of physical RAM or swap space
#   The process is running with CompressedOops enabled, and the Java Heap may be blocking the growth of the native heap
# Possible solutions:
#   Reduce memory load on the system
#   Increase physical memory or swap space
#   Check if swap backing store is full
#   Decrease Java heap size (-Xmx/-Xms)
#   Decrease number of Java threads
#   Decrease Java thread stack sizes (-Xss)
#   Set larger code cache with -XX:ReservedCodeCacheSize=
#   JVM is running with Unscaled Compressed Oops mode in which the Java heap is
#     placed in the first 4GB address space. The Java Heap base address is the
#     maximum limit for the native heap growth. Please use -XX:HeapBaseMinAddress
#     to set the Java Heap base and to place the Java Heap above 4GB virtual address.
# This output file may be truncated or incomplete.
#
#  Out of Memory Error (memory/allocation.inline.hpp:61), pid=3412, tid=0x0000000000001c4c
#
# JRE version:  (8.0_241-b07) (build )
# Java VM: Java HotSpot(TM) 64-Bit Server VM (25.241-b07 mixed mode windows-amd64 compressed oops)
# Failed to write core dump. Minidumps are not enabled by default on client versions of Windows
#

---------------  T H R E A D  ---------------

Current thread (0x0000000002c52800):  JavaThread "Unknown thread" [_thread_in_vm, id=7244, stack(0x0000000002b50000,0x0000000002c50000)]

Stack: [0x0000000002b50000,0x0000000002c50000]
[error occurred during error reporting (printing stack bounds), id 0xc0000005]

Native frames: (J=compiled Java code, j=interpreted, Vv=VM code, C=native code)


---------------  P R O C E S S  ---------------

Java Threads: ( => current thread )

Other Threads:

=>0x0000000002c52800 (exited) JavaThread "Unknown thread" [_thread_in_vm, id=7244, stack(0x0000000002b50000,0x0000000002c50000)]

VM state:not at safepoint (normal execution)

VM Mutex/Monitor currently owned by a thread: None

heap address: 0x0000000081200000, size: 2030 MB, Compressed Oops mode: 32-bit
Narrow klass base: 0x0000000000000000, Narrow klass shift: 3
Compressed class space size: 1073741824 Address: 0x0000000100000000

Heap:
 PSYoungGen      total 38400K, used 665K [0x00000000d5b80000, 0x00000000d8600000, 0x0000000100000000)
  eden space 33280K, 2% used [0x00000000d5b80000,0x00000000d5c26670,0x00000000d7c00000)
  from space 5120K, 0% used [0x00000000d8100000,0x00000000d8100000,0x00000000d8600000)
  to   space 5120K, 0% used [0x00000000d7c00000,0x00000000d7c00000,0x00000000d8100000)
 ParOldGen       total 87552K, used 0K [0x0000000081200000, 0x0000000086780000, 0x00000000d5b80000)
  object space 87552K, 0% used [0x0000000081200000,0x0000000081200000,0x0000000086780000)
 Metaspace       used 776K, capacity 4480K, committed 4480K, reserved 1056768K
  class space    used 76K, capacity 384K, committed 384K, reserved 1048576K

Card table byte_map: [0x0000000012110000,0x0000000012510000] byte_map_base: 0x0000000011d07000

Marking Bits: (ParMarkBitMap*) 0x000000007014be30
 Begin Bits: [0x0000000012bc0000, 0x0000000014b78000)
 End Bits:   [0x0000000014b78000, 0x0000000016b30000)

Polling page: 0x0000000000e50000

CodeCache: size=245760Kb used=328Kb max_used=328Kb free=245431Kb
 bounds [0x0000000002d50000, 0x0000000002fc0000, 0x0000000011d50000]
 total_blobs=58 nmethods=0 adapters=38
 compilation: enabled

Compilation events (0 events):
No events

GC Heap History (0 events):
No events

Deoptimization events (0 events):
No events

Classes redefined (0 events):
No events

Internal exceptions (0 events):
No events

Events (10 events):
Event: 0.022 loading class java/lang/Short
Event: 0.022 loading class java/lang/Short done
Event: 0.022 loading class java/lang/Integer
Event: 0.022 loading class java/lang/Integer done
Event: 0.022 loading class java/lang/Long
Event: 0.022 loading class java/lang/Long done
Event: 0.023 loading class java/lang/NullPointerException
Event: 0.023 loading class java/lang/NullPointerException done
Event: 0.023 loading class java/lang/ArithmeticException
Event: 0.023 loading class java/lang/ArithmeticException done


Dynamic libraries:
0x00007ff7e08c0000 - 0x00007ff7e08f7000 	C:\Program Files\Java\jdk1.8.0_241\jre\bin\java.exe
0x00007ff81a300000 - 0x00007ff81a4f0000 	C:\Windows\SYSTEM32\ntdll.dll
0x00007ff81a020000 - 0x00007ff81a0d2000 	C:\Windows\System32\KERNEL32.DLL
0x00007ff817430000 - 0x00007ff8176d3000 	C:\Windows\System32\KERNELBASE.dll
0x00007ff819200000 - 0x00007ff8192a3000 	C:\Windows\System32\ADVAPI32.dll
0x00007ff818de0000 - 0x00007ff818e7e000 	C:\Windows\System32\msvcrt.dll
0x00007ff819f20000 - 0x00007ff819fb7000 	C:\Windows\System32\sechost.dll
0x00007ff818f50000 - 0x00007ff819070000 	C:\Windows\System32\RPCRT4.dll
0x00007ff819360000 - 0x00007ff8194f4000 	C:\Windows\System32\USER32.dll
0x00007ff818350000 - 0x00007ff818371000 	C:\Windows\System32\win32u.dll
0x00007ff8186c0000 - 0x00007ff8186e6000 	C:\Windows\System32\GDI32.dll
0x00007ff818150000 - 0x00007ff8182e4000 	C:\Windows\System32\gdi32full.dll
0x00007ff817290000 - 0x00007ff81732e000 	C:\Windows\System32\msvcp_win.dll
0x00007ff817330000 - 0x00007ff81742a000 	C:\Windows\System32\ucrtbase.dll
0x00007ff80ef40000 - 0x00007ff80f1c5000 	C:\Windows\WinSxS\amd64_microsoft.windows.common-controls_6595b64144ccf1df_6.0.18362.720_none_e6beb5c51314836b\COMCTL32.dll
0x00007ff818380000 - 0x00007ff8186b6000 	C:\Windows\System32\combase.dll
0x00007ff817850000 - 0x00007ff8178d0000 	C:\Windows\System32\bcryptPrimitives.dll
0x00007ff819330000 - 0x00007ff81935e000 	C:\Windows\System32\IMM32.DLL
0x000000006f840000 - 0x000000006f912000 	C:\Program Files\Java\jdk1.8.0_241\jre\bin\msvcr100.dll
0x000000006f920000 - 0x00000000701cc000 	C:\Program Files\Java\jdk1.8.0_241\jre\bin\server\jvm.dll
0x00007ff819500000 - 0x00007ff819508000 	C:\Windows\System32\PSAPI.DLL
0x00007ff8110a0000 - 0x00007ff8110aa000 	C:\Windows\SYSTEM32\VERSION.dll
0x00007ff815100000 - 0x00007ff815124000 	C:\Windows\SYSTEM32\WINMM.dll
0x00007ff8151c0000 - 0x00007ff8151c9000 	C:\Windows\SYSTEM32\WSOCK32.dll
0x00007ff819d10000 - 0x00007ff819d7f000 	C:\Windows\System32\WS2_32.dll
0x00007ff8150d0000 - 0x00007ff8150fd000 	C:\Windows\SYSTEM32\winmmbase.dll
0x00007ff8178d0000 - 0x00007ff81791a000 	C:\Windows\System32\cfgmgr32.dll
0x00007ff815130000 - 0x00007ff81513f000 	C:\Program Files\Java\jdk1.8.0_241\jre\bin\verify.dll
0x00007fffff2b0000 - 0x00007fffff2d9000 	C:\Program Files\Java\jdk1.8.0_241\jre\bin\java.dll
0x00007fffff150000 - 0x00007fffff166000 	C:\Program Files\Java\jdk1.8.0_241\jre\bin\zip.dll

VM Arguments:
java_command: org.netbeans.modules.web.project.ant.JspCSingle -uriroot C:\Users\student\Documents\NetBeansProjects\javaweb20200226\web20200330\build\web -d C:\Users\student\Documents\NetBeansProjects\javaweb20200226\web20200330\build\generated\src -die1 -schemas /resources/schemas/ -dtds /resources/dtds/ -sysClasspath C:\Program Files\NetBeans 8.2\extide\ant\lib\ant.jar;C:\Program Files\NetBeans 8.2\enterprise\modules\ext\servlet3.1-jsp2.3-api.jar;C:\Program Files\NetBeans 8.2\enterprise\modules\ext\glassfish-jspparser-4.0.jar;C:\Program Files\NetBeans 8.2\enterprise\modules\ext\jstl-impl.jar;C:\Program Files\NetBeans 8.2\enterprise\modules\ext\jsf-2_2\javax.faces.jar -jspc.files C:\Users\student\Documents\NetBeansProjects\javaweb20200226\web20200330\build\web\ShowCityCount.jsp -compilerSourceVM 1.8 -compilerTargetVM 1.8 -javaEncoding UTF-8
java_class_path (initial): C:\Program Files\Java\jdk1.8.0_241\lib\tools.jar;C:\Program Files\NetBeans 8.2\enterprise\ant\extra\jspcompile.jar;C:\Program Files\NetBeans 8.2\extide\ant\lib\ant.jar;C:\Program Files\NetBeans 8.2\enterprise\modules\ext\servlet3.1-jsp2.3-api.jar;C:\Program Files\NetBeans 8.2\enterprise\modules\ext\glassfish-jspparser-4.0.jar;C:\Program Files\NetBeans 8.2\enterprise\modules\ext\jsf-2_2\javax.faces.jar;C:\Program Files\NetBeans 8.2\enterprise\modules\ext\jstl-api.jar;C:\Program Files\NetBeans 8.2\extide\ant\lib\ant-launcher.jar
Launcher Type: SUN_STANDARD

Environment Variables:
JAVA_HOME=C:\Program Files\Java\jdk1.8.0_241
CLASSPATH=.;C:\apache-tomcat-9.0.31\lib\jsp-api.jar;C:\apache-tomcat-9.0.31\lib\servlet-api.jar
PATH=C:\Program Files (x86)\Common Files\Oracle\Java\javapath;C:\Windows\system32;C:\Windows;C:\Windows\System32\Wbem;C:\Windows\System32\WindowsPowerShell\v1.0\;C:\Windows\System32\OpenSSH\;C:\Program Files (x86)\NVIDIA Corporation\PhysX\Common;C:\Program Files\NVIDIA Corporation\NVIDIA NvDLISR;C:\Users\student\AppData\Local\Microsoft\WindowsApps;C:\Program Files\Java\jdk1.8.0_241\bin;C:\Users\student\AppData\Local\GitHubDesktop\bin
USERNAME=student
OS=Windows_NT
PROCESSOR_IDENTIFIER=Intel64 Family 6 Model 60 Stepping 3, GenuineIntel



---------------  S Y S T E M  ---------------

OS: Windows 10.0 , 64 bit Build 18362 (10.0.18362.329)

CPU:total 4 (initial active 4) (4 cores per cpu, 1 threads per core) family 6 model 60 stepping 3, cmov, cx8, fxsr, mmx, sse, sse2, sse3, ssse3, sse4.1, sse4.2, popcnt, avx, avx2, clmul, erms, lzcnt, tsc, tscinvbit, bmi1, bmi2

Memory: 4k page, physical 8312556k(1016188k free), swap 33478380k(5740k free)

vm_info: Java HotSpot(TM) 64-Bit Server VM (25.241-b07) for windows-amd64 JRE (1.8.0_241-b07), built on Dec 11 2019 10:21:40 by "rejava" with MS VC++ 10.0 (VS2010)

time: Mon Mar 30 21:37:25 2020
timezone: 台北標準時間
elapsed time: 0 seconds (0d 0h 0m 0s)

